CRITICAL - 2022-01-08 10:40:42 --> The framework needs the following extension(s) installed and loaded: intl.
#0 D:\Marco\Desktop\Crud\system\CodeIgniter.php(219): CodeIgniter\Exceptions\FrameworkException::forMissingExtension('intl')
#1 D:\Marco\Desktop\Crud\system\CodeIgniter.php(177): CodeIgniter\CodeIgniter->resolvePlatformExtensions()
#2 D:\Marco\Desktop\Crud\system\bootstrap.php(146): CodeIgniter\CodeIgniter->initialize()
#3 D:\Marco\Desktop\Crud\spark(45): require('D:\\Marco\\Deskto...')
#4 {main}
CRITICAL - 2022-01-08 11:19:40 --> Use of undefined constant MYSQLI_STORE_RESULT - assumed 'MYSQLI_STORE_RESULT' (this will throw an Error in a future version of PHP)
#0 D:\Marco\Desktop\Crud\system\Database\Database.php(136): CodeIgniter\Debug\Exceptions->errorHandler(2, 'Use of undefine...', 'D:\\Marco\\Deskto...', 136, Array)
#1 D:\Marco\Desktop\Crud\system\Database\Database.php(56): CodeIgniter\Database\Database->initDriver('MySQLi', 'CodeIgniter\\Dat...', Array)
#2 D:\Marco\Desktop\Crud\system\Database\Config.php(78): CodeIgniter\Database\Database->load(Array, 'default')
#3 D:\Marco\Desktop\Crud\system\Common.php(312): CodeIgniter\Database\Config::connect('default', true)
#4 D:\Marco\Desktop\Crud\system\Database\MigrationRunner.php(149): db_connect(NULL)
#5 D:\Marco\Desktop\Crud\system\Config\Services.php(376): CodeIgniter\Database\MigrationRunner->__construct(NULL, NULL)
#6 D:\Marco\Desktop\Crud\system\Config\BaseService.php(248): CodeIgniter\Config\Services::migrations(Object(Config\Migrations), NULL, false)
#7 D:\Marco\Desktop\Crud\system\Config\BaseService.php(189): CodeIgniter\Config\BaseService::__callStatic('migrations', Array)
#8 D:\Marco\Desktop\Crud\system\Config\Services.php(371): CodeIgniter\Config\BaseService::getSharedInstance('migrations', NULL, NULL)
#9 D:\Marco\Desktop\Crud\system\Config\BaseService.php(248): CodeIgniter\Config\Services::migrations()
#10 D:\Marco\Desktop\Crud\system\Commands\Database\Migrate.php(69): CodeIgniter\Config\BaseService::__callStatic('migrations', Array)
#11 D:\Marco\Desktop\Crud\system\CLI\Commands.php(63): CodeIgniter\Commands\Database\Migrate->run(Array)
#12 D:\Marco\Desktop\Crud\system\CLI\CommandRunner.php(70): CodeIgniter\CLI\Commands->run('migrate', Array)
#13 D:\Marco\Desktop\Crud\system\CLI\CommandRunner.php(56): CodeIgniter\CLI\CommandRunner->index(Array)
#14 D:\Marco\Desktop\Crud\system\CodeIgniter.php(823): CodeIgniter\CLI\CommandRunner->_remap('index', 'migrate')
#15 D:\Marco\Desktop\Crud\system\CodeIgniter.php(412): CodeIgniter\CodeIgniter->runController(Object(CodeIgniter\CLI\CommandRunner))
#16 D:\Marco\Desktop\Crud\system\CodeIgniter.php(320): CodeIgniter\CodeIgniter->handleRequest(NULL, Object(Config\Cache), false)
#17 D:\Marco\Desktop\Crud\system\CLI\Console.php(48): CodeIgniter\CodeIgniter->run()
#18 D:\Marco\Desktop\Crud\spark(63): CodeIgniter\CLI\Console->run()
#19 {main}
CRITICAL - 2022-01-08 11:23:38 --> Class 'CodeIgniter\Database\MySQL\Connection' not found
#0 D:\Marco\Desktop\Crud\system\Database\Database.php(56): CodeIgniter\Database\Database->initDriver('MySQL', 'CodeIgniter\\Dat...', Array)
#1 D:\Marco\Desktop\Crud\system\Database\Config.php(78): CodeIgniter\Database\Database->load(Array, 'default')
#2 D:\Marco\Desktop\Crud\system\Common.php(312): CodeIgniter\Database\Config::connect('default', true)
#3 D:\Marco\Desktop\Crud\system\Database\MigrationRunner.php(149): db_connect(NULL)
#4 D:\Marco\Desktop\Crud\system\Config\Services.php(376): CodeIgniter\Database\MigrationRunner->__construct(NULL, NULL)
#5 D:\Marco\Desktop\Crud\system\Config\BaseService.php(248): CodeIgniter\Config\Services::migrations(Object(Config\Migrations), NULL, false)
#6 D:\Marco\Desktop\Crud\system\Config\BaseService.php(189): CodeIgniter\Config\BaseService::__callStatic('migrations', Array)
#7 D:\Marco\Desktop\Crud\system\Config\Services.php(371): CodeIgniter\Config\BaseService::getSharedInstance('migrations', NULL, NULL)
#8 D:\Marco\Desktop\Crud\system\Config\BaseService.php(248): CodeIgniter\Config\Services::migrations()
#9 D:\Marco\Desktop\Crud\system\Commands\Database\Migrate.php(69): CodeIgniter\Config\BaseService::__callStatic('migrations', Array)
#10 D:\Marco\Desktop\Crud\system\CLI\Commands.php(63): CodeIgniter\Commands\Database\Migrate->run(Array)
#11 D:\Marco\Desktop\Crud\system\CLI\CommandRunner.php(70): CodeIgniter\CLI\Commands->run('migrate', Array)
#12 D:\Marco\Desktop\Crud\system\CLI\CommandRunner.php(56): CodeIgniter\CLI\CommandRunner->index(Array)
#13 D:\Marco\Desktop\Crud\system\CodeIgniter.php(823): CodeIgniter\CLI\CommandRunner->_remap('index', 'migrate')
#14 D:\Marco\Desktop\Crud\system\CodeIgniter.php(412): CodeIgniter\CodeIgniter->runController(Object(CodeIgniter\CLI\CommandRunner))
#15 D:\Marco\Desktop\Crud\system\CodeIgniter.php(320): CodeIgniter\CodeIgniter->handleRequest(NULL, Object(Config\Cache), false)
#16 D:\Marco\Desktop\Crud\system\CLI\Console.php(48): CodeIgniter\CodeIgniter->run()
#17 D:\Marco\Desktop\Crud\spark(63): CodeIgniter\CLI\Console->run()
#18 {main}
CRITICAL - 2022-01-08 11:23:57 --> Use of undefined constant MYSQLI_STORE_RESULT - assumed 'MYSQLI_STORE_RESULT' (this will throw an Error in a future version of PHP)
#0 D:\Marco\Desktop\Crud\system\Database\Database.php(136): CodeIgniter\Debug\Exceptions->errorHandler(2, 'Use of undefine...', 'D:\\Marco\\Deskto...', 136, Array)
#1 D:\Marco\Desktop\Crud\system\Database\Database.php(56): CodeIgniter\Database\Database->initDriver('MySQLi', 'CodeIgniter\\Dat...', Array)
#2 D:\Marco\Desktop\Crud\system\Database\Config.php(78): CodeIgniter\Database\Database->load(Array, 'default')
#3 D:\Marco\Desktop\Crud\system\Common.php(312): CodeIgniter\Database\Config::connect('default', true)
#4 D:\Marco\Desktop\Crud\system\Database\MigrationRunner.php(149): db_connect(NULL)
#5 D:\Marco\Desktop\Crud\system\Config\Services.php(376): CodeIgniter\Database\MigrationRunner->__construct(NULL, NULL)
#6 D:\Marco\Desktop\Crud\system\Config\BaseService.php(248): CodeIgniter\Config\Services::migrations(Object(Config\Migrations), NULL, false)
#7 D:\Marco\Desktop\Crud\system\Config\BaseService.php(189): CodeIgniter\Config\BaseService::__callStatic('migrations', Array)
#8 D:\Marco\Desktop\Crud\system\Config\Services.php(371): CodeIgniter\Config\BaseService::getSharedInstance('migrations', NULL, NULL)
#9 D:\Marco\Desktop\Crud\system\Config\BaseService.php(248): CodeIgniter\Config\Services::migrations()
#10 D:\Marco\Desktop\Crud\system\Commands\Database\Migrate.php(69): CodeIgniter\Config\BaseService::__callStatic('migrations', Array)
#11 D:\Marco\Desktop\Crud\system\CLI\Commands.php(63): CodeIgniter\Commands\Database\Migrate->run(Array)
#12 D:\Marco\Desktop\Crud\system\CLI\CommandRunner.php(70): CodeIgniter\CLI\Commands->run('migrate', Array)
#13 D:\Marco\Desktop\Crud\system\CLI\CommandRunner.php(56): CodeIgniter\CLI\CommandRunner->index(Array)
#14 D:\Marco\Desktop\Crud\system\CodeIgniter.php(823): CodeIgniter\CLI\CommandRunner->_remap('index', 'migrate')
#15 D:\Marco\Desktop\Crud\system\CodeIgniter.php(412): CodeIgniter\CodeIgniter->runController(Object(CodeIgniter\CLI\CommandRunner))
#16 D:\Marco\Desktop\Crud\system\CodeIgniter.php(320): CodeIgniter\CodeIgniter->handleRequest(NULL, Object(Config\Cache), false)
#17 D:\Marco\Desktop\Crud\system\CLI\Console.php(48): CodeIgniter\CodeIgniter->run()
#18 D:\Marco\Desktop\Crud\spark(63): CodeIgniter\CLI\Console->run()
#19 {main}
ERROR - 2022-01-08 11:24:44 --> You have an error in your SQL syntax; check the manual that corresponds to your MySQL server version for the right syntax to use near 'NOT NULL,
	CONSTRAINT `pk_films` PRIMARY KEY(`id`)
) DEFAULT CHARACTER SET = utf' at line 5
ERROR - 2022-01-08 11:39:12 --> Unknown table 'film.films'
