CRITICAL - 2022-01-10 02:27:25 --> Call to a member function post() on null
#0 D:\Marco\Desktop\Crud\system\CodeIgniter.php(825): App\Controllers\FilmController->insert()
#1 D:\Marco\Desktop\Crud\system\CodeIgniter.php(412): CodeIgniter\CodeIgniter->runController(Object(App\Controllers\FilmController))
#2 D:\Marco\Desktop\Crud\system\CodeIgniter.php(320): CodeIgniter\CodeIgniter->handleRequest(NULL, Object(Config\Cache), false)
#3 D:\Marco\Desktop\Crud\public\index.php(37): CodeIgniter\CodeIgniter->run()
#4 D:\Marco\Desktop\Crud\system\Commands\Server\rewrite.php(43): require_once('D:\\Marco\\Deskto...')
#5 {main}
CRITICAL - 2022-01-10 02:28:18 --> Call to a member function post() on null
#0 D:\Marco\Desktop\Crud\system\CodeIgniter.php(825): App\Controllers\FilmController->insert()
#1 D:\Marco\Desktop\Crud\system\CodeIgniter.php(412): CodeIgniter\CodeIgniter->runController(Object(App\Controllers\FilmController))
#2 D:\Marco\Desktop\Crud\system\CodeIgniter.php(320): CodeIgniter\CodeIgniter->handleRequest(NULL, Object(Config\Cache), false)
#3 D:\Marco\Desktop\Crud\public\index.php(37): CodeIgniter\CodeIgniter->run()
#4 D:\Marco\Desktop\Crud\system\Commands\Server\rewrite.php(43): require_once('D:\\Marco\\Deskto...')
#5 {main}
CRITICAL - 2022-01-10 02:28:53 --> Call to a member function post() on null
#0 D:\Marco\Desktop\Crud\system\CodeIgniter.php(825): App\Controllers\FilmController->insert()
#1 D:\Marco\Desktop\Crud\system\CodeIgniter.php(412): CodeIgniter\CodeIgniter->runController(Object(App\Controllers\FilmController))
#2 D:\Marco\Desktop\Crud\system\CodeIgniter.php(320): CodeIgniter\CodeIgniter->handleRequest(NULL, Object(Config\Cache), false)
#3 D:\Marco\Desktop\Crud\public\index.php(37): CodeIgniter\CodeIgniter->run()
#4 D:\Marco\Desktop\Crud\system\Commands\Server\rewrite.php(43): require_once('D:\\Marco\\Deskto...')
#5 {main}
CRITICAL - 2022-01-10 02:28:54 --> Call to a member function post() on null
#0 D:\Marco\Desktop\Crud\system\CodeIgniter.php(825): App\Controllers\FilmController->insert()
#1 D:\Marco\Desktop\Crud\system\CodeIgniter.php(412): CodeIgniter\CodeIgniter->runController(Object(App\Controllers\FilmController))
#2 D:\Marco\Desktop\Crud\system\CodeIgniter.php(320): CodeIgniter\CodeIgniter->handleRequest(NULL, Object(Config\Cache), false)
#3 D:\Marco\Desktop\Crud\public\index.php(37): CodeIgniter\CodeIgniter->run()
#4 D:\Marco\Desktop\Crud\system\Commands\Server\rewrite.php(43): require_once('D:\\Marco\\Deskto...')
#5 {main}
CRITICAL - 2022-01-10 02:28:55 --> Call to a member function post() on null
#0 D:\Marco\Desktop\Crud\system\CodeIgniter.php(825): App\Controllers\FilmController->insert()
#1 D:\Marco\Desktop\Crud\system\CodeIgniter.php(412): CodeIgniter\CodeIgniter->runController(Object(App\Controllers\FilmController))
#2 D:\Marco\Desktop\Crud\system\CodeIgniter.php(320): CodeIgniter\CodeIgniter->handleRequest(NULL, Object(Config\Cache), false)
#3 D:\Marco\Desktop\Crud\public\index.php(37): CodeIgniter\CodeIgniter->run()
#4 D:\Marco\Desktop\Crud\system\Commands\Server\rewrite.php(43): require_once('D:\\Marco\\Deskto...')
#5 {main}
CRITICAL - 2022-01-10 02:41:36 --> Call to a member function post() on null
#0 D:\Marco\Desktop\Crud\system\CodeIgniter.php(825): App\Controllers\FilmController->insert()
#1 D:\Marco\Desktop\Crud\system\CodeIgniter.php(412): CodeIgniter\CodeIgniter->runController(Object(App\Controllers\FilmController))
#2 D:\Marco\Desktop\Crud\system\CodeIgniter.php(320): CodeIgniter\CodeIgniter->handleRequest(NULL, Object(Config\Cache), false)
#3 D:\Marco\Desktop\Crud\public\index.php(37): CodeIgniter\CodeIgniter->run()
#4 D:\Marco\Desktop\Crud\system\Commands\Server\rewrite.php(43): require_once('D:\\Marco\\Deskto...')
#5 {main}
CRITICAL - 2022-01-10 02:41:37 --> Call to a member function post() on null
#0 D:\Marco\Desktop\Crud\system\CodeIgniter.php(825): App\Controllers\FilmController->insert()
#1 D:\Marco\Desktop\Crud\system\CodeIgniter.php(412): CodeIgniter\CodeIgniter->runController(Object(App\Controllers\FilmController))
#2 D:\Marco\Desktop\Crud\system\CodeIgniter.php(320): CodeIgniter\CodeIgniter->handleRequest(NULL, Object(Config\Cache), false)
#3 D:\Marco\Desktop\Crud\public\index.php(37): CodeIgniter\CodeIgniter->run()
#4 D:\Marco\Desktop\Crud\system\Commands\Server\rewrite.php(43): require_once('D:\\Marco\\Deskto...')
#5 {main}
CRITICAL - 2022-01-10 02:41:38 --> Call to a member function post() on null
#0 D:\Marco\Desktop\Crud\system\CodeIgniter.php(825): App\Controllers\FilmController->insert()
#1 D:\Marco\Desktop\Crud\system\CodeIgniter.php(412): CodeIgniter\CodeIgniter->runController(Object(App\Controllers\FilmController))
#2 D:\Marco\Desktop\Crud\system\CodeIgniter.php(320): CodeIgniter\CodeIgniter->handleRequest(NULL, Object(Config\Cache), false)
#3 D:\Marco\Desktop\Crud\public\index.php(37): CodeIgniter\CodeIgniter->run()
#4 D:\Marco\Desktop\Crud\system\Commands\Server\rewrite.php(43): require_once('D:\\Marco\\Deskto...')
#5 {main}
CRITICAL - 2022-01-10 02:41:38 --> Call to a member function post() on null
#0 D:\Marco\Desktop\Crud\system\CodeIgniter.php(825): App\Controllers\FilmController->insert()
#1 D:\Marco\Desktop\Crud\system\CodeIgniter.php(412): CodeIgniter\CodeIgniter->runController(Object(App\Controllers\FilmController))
#2 D:\Marco\Desktop\Crud\system\CodeIgniter.php(320): CodeIgniter\CodeIgniter->handleRequest(NULL, Object(Config\Cache), false)
#3 D:\Marco\Desktop\Crud\public\index.php(37): CodeIgniter\CodeIgniter->run()
#4 D:\Marco\Desktop\Crud\system\Commands\Server\rewrite.php(43): require_once('D:\\Marco\\Deskto...')
#5 {main}
CRITICAL - 2022-01-10 02:41:39 --> Call to a member function post() on null
#0 D:\Marco\Desktop\Crud\system\CodeIgniter.php(825): App\Controllers\FilmController->insert()
#1 D:\Marco\Desktop\Crud\system\CodeIgniter.php(412): CodeIgniter\CodeIgniter->runController(Object(App\Controllers\FilmController))
#2 D:\Marco\Desktop\Crud\system\CodeIgniter.php(320): CodeIgniter\CodeIgniter->handleRequest(NULL, Object(Config\Cache), false)
#3 D:\Marco\Desktop\Crud\public\index.php(37): CodeIgniter\CodeIgniter->run()
#4 D:\Marco\Desktop\Crud\system\Commands\Server\rewrite.php(43): require_once('D:\\Marco\\Deskto...')
#5 {main}
CRITICAL - 2022-01-10 02:41:40 --> Call to a member function post() on null
#0 D:\Marco\Desktop\Crud\system\CodeIgniter.php(825): App\Controllers\FilmController->insert()
#1 D:\Marco\Desktop\Crud\system\CodeIgniter.php(412): CodeIgniter\CodeIgniter->runController(Object(App\Controllers\FilmController))
#2 D:\Marco\Desktop\Crud\system\CodeIgniter.php(320): CodeIgniter\CodeIgniter->handleRequest(NULL, Object(Config\Cache), false)
#3 D:\Marco\Desktop\Crud\public\index.php(37): CodeIgniter\CodeIgniter->run()
#4 D:\Marco\Desktop\Crud\system\Commands\Server\rewrite.php(43): require_once('D:\\Marco\\Deskto...')
#5 {main}
CRITICAL - 2022-01-10 02:41:40 --> Call to a member function post() on null
#0 D:\Marco\Desktop\Crud\system\CodeIgniter.php(825): App\Controllers\FilmController->insert()
#1 D:\Marco\Desktop\Crud\system\CodeIgniter.php(412): CodeIgniter\CodeIgniter->runController(Object(App\Controllers\FilmController))
#2 D:\Marco\Desktop\Crud\system\CodeIgniter.php(320): CodeIgniter\CodeIgniter->handleRequest(NULL, Object(Config\Cache), false)
#3 D:\Marco\Desktop\Crud\public\index.php(37): CodeIgniter\CodeIgniter->run()
#4 D:\Marco\Desktop\Crud\system\Commands\Server\rewrite.php(43): require_once('D:\\Marco\\Deskto...')
#5 {main}
CRITICAL - 2022-01-10 02:41:41 --> Call to a member function post() on null
#0 D:\Marco\Desktop\Crud\system\CodeIgniter.php(825): App\Controllers\FilmController->insert()
#1 D:\Marco\Desktop\Crud\system\CodeIgniter.php(412): CodeIgniter\CodeIgniter->runController(Object(App\Controllers\FilmController))
#2 D:\Marco\Desktop\Crud\system\CodeIgniter.php(320): CodeIgniter\CodeIgniter->handleRequest(NULL, Object(Config\Cache), false)
#3 D:\Marco\Desktop\Crud\public\index.php(37): CodeIgniter\CodeIgniter->run()
#4 D:\Marco\Desktop\Crud\system\Commands\Server\rewrite.php(43): require_once('D:\\Marco\\Deskto...')
#5 {main}
CRITICAL - 2022-01-10 02:41:41 --> Call to a member function post() on null
#0 D:\Marco\Desktop\Crud\system\CodeIgniter.php(825): App\Controllers\FilmController->insert()
#1 D:\Marco\Desktop\Crud\system\CodeIgniter.php(412): CodeIgniter\CodeIgniter->runController(Object(App\Controllers\FilmController))
#2 D:\Marco\Desktop\Crud\system\CodeIgniter.php(320): CodeIgniter\CodeIgniter->handleRequest(NULL, Object(Config\Cache), false)
#3 D:\Marco\Desktop\Crud\public\index.php(37): CodeIgniter\CodeIgniter->run()
#4 D:\Marco\Desktop\Crud\system\Commands\Server\rewrite.php(43): require_once('D:\\Marco\\Deskto...')
#5 {main}
CRITICAL - 2022-01-10 02:41:42 --> Call to a member function post() on null
#0 D:\Marco\Desktop\Crud\system\CodeIgniter.php(825): App\Controllers\FilmController->insert()
#1 D:\Marco\Desktop\Crud\system\CodeIgniter.php(412): CodeIgniter\CodeIgniter->runController(Object(App\Controllers\FilmController))
#2 D:\Marco\Desktop\Crud\system\CodeIgniter.php(320): CodeIgniter\CodeIgniter->handleRequest(NULL, Object(Config\Cache), false)
#3 D:\Marco\Desktop\Crud\public\index.php(37): CodeIgniter\CodeIgniter->run()
#4 D:\Marco\Desktop\Crud\system\Commands\Server\rewrite.php(43): require_once('D:\\Marco\\Deskto...')
#5 {main}
CRITICAL - 2022-01-10 02:41:42 --> Call to a member function post() on null
#0 D:\Marco\Desktop\Crud\system\CodeIgniter.php(825): App\Controllers\FilmController->insert()
#1 D:\Marco\Desktop\Crud\system\CodeIgniter.php(412): CodeIgniter\CodeIgniter->runController(Object(App\Controllers\FilmController))
#2 D:\Marco\Desktop\Crud\system\CodeIgniter.php(320): CodeIgniter\CodeIgniter->handleRequest(NULL, Object(Config\Cache), false)
#3 D:\Marco\Desktop\Crud\public\index.php(37): CodeIgniter\CodeIgniter->run()
#4 D:\Marco\Desktop\Crud\system\Commands\Server\rewrite.php(43): require_once('D:\\Marco\\Deskto...')
#5 {main}
CRITICAL - 2022-01-10 02:41:42 --> Call to a member function post() on null
#0 D:\Marco\Desktop\Crud\system\CodeIgniter.php(825): App\Controllers\FilmController->insert()
#1 D:\Marco\Desktop\Crud\system\CodeIgniter.php(412): CodeIgniter\CodeIgniter->runController(Object(App\Controllers\FilmController))
#2 D:\Marco\Desktop\Crud\system\CodeIgniter.php(320): CodeIgniter\CodeIgniter->handleRequest(NULL, Object(Config\Cache), false)
#3 D:\Marco\Desktop\Crud\public\index.php(37): CodeIgniter\CodeIgniter->run()
#4 D:\Marco\Desktop\Crud\system\Commands\Server\rewrite.php(43): require_once('D:\\Marco\\Deskto...')
#5 {main}
CRITICAL - 2022-01-10 02:41:43 --> Call to a member function post() on null
#0 D:\Marco\Desktop\Crud\system\CodeIgniter.php(825): App\Controllers\FilmController->insert()
#1 D:\Marco\Desktop\Crud\system\CodeIgniter.php(412): CodeIgniter\CodeIgniter->runController(Object(App\Controllers\FilmController))
#2 D:\Marco\Desktop\Crud\system\CodeIgniter.php(320): CodeIgniter\CodeIgniter->handleRequest(NULL, Object(Config\Cache), false)
#3 D:\Marco\Desktop\Crud\public\index.php(37): CodeIgniter\CodeIgniter->run()
#4 D:\Marco\Desktop\Crud\system\Commands\Server\rewrite.php(43): require_once('D:\\Marco\\Deskto...')
#5 {main}
CRITICAL - 2022-01-10 02:48:48 --> Call to a member function post() on null
#0 D:\Marco\Desktop\Crud\system\CodeIgniter.php(825): App\Controllers\FilmController->insert()
#1 D:\Marco\Desktop\Crud\system\CodeIgniter.php(412): CodeIgniter\CodeIgniter->runController(Object(App\Controllers\FilmController))
#2 D:\Marco\Desktop\Crud\system\CodeIgniter.php(320): CodeIgniter\CodeIgniter->handleRequest(NULL, Object(Config\Cache), false)
#3 D:\Marco\Desktop\Crud\public\index.php(37): CodeIgniter\CodeIgniter->run()
#4 D:\Marco\Desktop\Crud\system\Commands\Server\rewrite.php(43): require_once('D:\\Marco\\Deskto...')
#5 {main}
CRITICAL - 2022-01-10 02:48:49 --> Call to a member function post() on null
#0 D:\Marco\Desktop\Crud\system\CodeIgniter.php(825): App\Controllers\FilmController->insert()
#1 D:\Marco\Desktop\Crud\system\CodeIgniter.php(412): CodeIgniter\CodeIgniter->runController(Object(App\Controllers\FilmController))
#2 D:\Marco\Desktop\Crud\system\CodeIgniter.php(320): CodeIgniter\CodeIgniter->handleRequest(NULL, Object(Config\Cache), false)
#3 D:\Marco\Desktop\Crud\public\index.php(37): CodeIgniter\CodeIgniter->run()
#4 D:\Marco\Desktop\Crud\system\Commands\Server\rewrite.php(43): require_once('D:\\Marco\\Deskto...')
#5 {main}
CRITICAL - 2022-01-10 02:48:50 --> Call to a member function post() on null
#0 D:\Marco\Desktop\Crud\system\CodeIgniter.php(825): App\Controllers\FilmController->insert()
#1 D:\Marco\Desktop\Crud\system\CodeIgniter.php(412): CodeIgniter\CodeIgniter->runController(Object(App\Controllers\FilmController))
#2 D:\Marco\Desktop\Crud\system\CodeIgniter.php(320): CodeIgniter\CodeIgniter->handleRequest(NULL, Object(Config\Cache), false)
#3 D:\Marco\Desktop\Crud\public\index.php(37): CodeIgniter\CodeIgniter->run()
#4 D:\Marco\Desktop\Crud\system\Commands\Server\rewrite.php(43): require_once('D:\\Marco\\Deskto...')
#5 {main}
CRITICAL - 2022-01-10 02:48:50 --> Call to a member function post() on null
#0 D:\Marco\Desktop\Crud\system\CodeIgniter.php(825): App\Controllers\FilmController->insert()
#1 D:\Marco\Desktop\Crud\system\CodeIgniter.php(412): CodeIgniter\CodeIgniter->runController(Object(App\Controllers\FilmController))
#2 D:\Marco\Desktop\Crud\system\CodeIgniter.php(320): CodeIgniter\CodeIgniter->handleRequest(NULL, Object(Config\Cache), false)
#3 D:\Marco\Desktop\Crud\public\index.php(37): CodeIgniter\CodeIgniter->run()
#4 D:\Marco\Desktop\Crud\system\Commands\Server\rewrite.php(43): require_once('D:\\Marco\\Deskto...')
#5 {main}
CRITICAL - 2022-01-10 02:48:51 --> Call to a member function post() on null
#0 D:\Marco\Desktop\Crud\system\CodeIgniter.php(825): App\Controllers\FilmController->insert()
#1 D:\Marco\Desktop\Crud\system\CodeIgniter.php(412): CodeIgniter\CodeIgniter->runController(Object(App\Controllers\FilmController))
#2 D:\Marco\Desktop\Crud\system\CodeIgniter.php(320): CodeIgniter\CodeIgniter->handleRequest(NULL, Object(Config\Cache), false)
#3 D:\Marco\Desktop\Crud\public\index.php(37): CodeIgniter\CodeIgniter->run()
#4 D:\Marco\Desktop\Crud\system\Commands\Server\rewrite.php(43): require_once('D:\\Marco\\Deskto...')
#5 {main}
CRITICAL - 2022-01-10 02:48:51 --> Call to a member function post() on null
#0 D:\Marco\Desktop\Crud\system\CodeIgniter.php(825): App\Controllers\FilmController->insert()
#1 D:\Marco\Desktop\Crud\system\CodeIgniter.php(412): CodeIgniter\CodeIgniter->runController(Object(App\Controllers\FilmController))
#2 D:\Marco\Desktop\Crud\system\CodeIgniter.php(320): CodeIgniter\CodeIgniter->handleRequest(NULL, Object(Config\Cache), false)
#3 D:\Marco\Desktop\Crud\public\index.php(37): CodeIgniter\CodeIgniter->run()
#4 D:\Marco\Desktop\Crud\system\Commands\Server\rewrite.php(43): require_once('D:\\Marco\\Deskto...')
#5 {main}
CRITICAL - 2022-01-10 02:48:52 --> Call to a member function post() on null
#0 D:\Marco\Desktop\Crud\system\CodeIgniter.php(825): App\Controllers\FilmController->insert()
#1 D:\Marco\Desktop\Crud\system\CodeIgniter.php(412): CodeIgniter\CodeIgniter->runController(Object(App\Controllers\FilmController))
#2 D:\Marco\Desktop\Crud\system\CodeIgniter.php(320): CodeIgniter\CodeIgniter->handleRequest(NULL, Object(Config\Cache), false)
#3 D:\Marco\Desktop\Crud\public\index.php(37): CodeIgniter\CodeIgniter->run()
#4 D:\Marco\Desktop\Crud\system\Commands\Server\rewrite.php(43): require_once('D:\\Marco\\Deskto...')
#5 {main}
ERROR - 2022-01-10 02:53:01 --> Column 'title' cannot be null
ERROR - 2022-01-10 02:53:23 --> Column 'title' cannot be null
ERROR - 2022-01-10 02:59:48 --> Column 'title' cannot be null
ERROR - 2022-01-10 04:44:06 --> Column 'title' cannot be null
CRITICAL - 2022-01-10 08:33:51 --> Argument 2 passed to CodeIgniter\Database\BaseBuilder::like() must be of the type string, null given, called in D:\Marco\Desktop\Crud\system\Model.php on line 728
#0 D:\Marco\Desktop\Crud\system\Model.php(728): CodeIgniter\Database\BaseBuilder->like('title', NULL)
#1 D:\Marco\Desktop\Crud\app\Controllers\FilmController.php(74): CodeIgniter\Model->__call('like', Array)
#2 D:\Marco\Desktop\Crud\system\CodeIgniter.php(825): App\Controllers\FilmController->search()
#3 D:\Marco\Desktop\Crud\system\CodeIgniter.php(412): CodeIgniter\CodeIgniter->runController(Object(App\Controllers\FilmController))
#4 D:\Marco\Desktop\Crud\system\CodeIgniter.php(320): CodeIgniter\CodeIgniter->handleRequest(NULL, Object(Config\Cache), false)
#5 D:\Marco\Desktop\Crud\public\index.php(37): CodeIgniter\CodeIgniter->run()
#6 D:\Marco\Desktop\Crud\system\Commands\Server\rewrite.php(43): require_once('D:\\Marco\\Deskto...')
#7 {main}
CRITICAL - 2022-01-10 08:34:01 --> Argument 2 passed to CodeIgniter\Database\BaseBuilder::like() must be of the type string, null given, called in D:\Marco\Desktop\Crud\system\Model.php on line 728
#0 D:\Marco\Desktop\Crud\system\Model.php(728): CodeIgniter\Database\BaseBuilder->like('title', NULL)
#1 D:\Marco\Desktop\Crud\app\Controllers\FilmController.php(74): CodeIgniter\Model->__call('like', Array)
#2 D:\Marco\Desktop\Crud\system\CodeIgniter.php(825): App\Controllers\FilmController->search()
#3 D:\Marco\Desktop\Crud\system\CodeIgniter.php(412): CodeIgniter\CodeIgniter->runController(Object(App\Controllers\FilmController))
#4 D:\Marco\Desktop\Crud\system\CodeIgniter.php(320): CodeIgniter\CodeIgniter->handleRequest(NULL, Object(Config\Cache), false)
#5 D:\Marco\Desktop\Crud\public\index.php(37): CodeIgniter\CodeIgniter->run()
#6 D:\Marco\Desktop\Crud\system\Commands\Server\rewrite.php(43): require_once('D:\\Marco\\Deskto...')
#7 {main}
CRITICAL - 2022-01-10 08:34:05 --> Argument 2 passed to CodeIgniter\Database\BaseBuilder::like() must be of the type string, null given, called in D:\Marco\Desktop\Crud\system\Model.php on line 728
#0 D:\Marco\Desktop\Crud\system\Model.php(728): CodeIgniter\Database\BaseBuilder->like('title', NULL)
#1 D:\Marco\Desktop\Crud\app\Controllers\FilmController.php(74): CodeIgniter\Model->__call('like', Array)
#2 D:\Marco\Desktop\Crud\system\CodeIgniter.php(825): App\Controllers\FilmController->search()
#3 D:\Marco\Desktop\Crud\system\CodeIgniter.php(412): CodeIgniter\CodeIgniter->runController(Object(App\Controllers\FilmController))
#4 D:\Marco\Desktop\Crud\system\CodeIgniter.php(320): CodeIgniter\CodeIgniter->handleRequest(NULL, Object(Config\Cache), false)
#5 D:\Marco\Desktop\Crud\public\index.php(37): CodeIgniter\CodeIgniter->run()
#6 D:\Marco\Desktop\Crud\system\Commands\Server\rewrite.php(43): require_once('D:\\Marco\\Deskto...')
#7 {main}
CRITICAL - 2022-01-10 08:38:43 --> Call to undefined method App\Models\Film::getAll
#0 D:\Marco\Desktop\Crud\app\Controllers\FilmController.php(74): CodeIgniter\Model->__call('getAll', Array)
#1 D:\Marco\Desktop\Crud\system\CodeIgniter.php(825): App\Controllers\FilmController->search()
#2 D:\Marco\Desktop\Crud\system\CodeIgniter.php(412): CodeIgniter\CodeIgniter->runController(Object(App\Controllers\FilmController))
#3 D:\Marco\Desktop\Crud\system\CodeIgniter.php(320): CodeIgniter\CodeIgniter->handleRequest(NULL, Object(Config\Cache), false)
#4 D:\Marco\Desktop\Crud\public\index.php(37): CodeIgniter\CodeIgniter->run()
#5 D:\Marco\Desktop\Crud\system\Commands\Server\rewrite.php(43): require_once('D:\\Marco\\Deskto...')
#6 {main}
CRITICAL - 2022-01-10 08:39:00 --> Cannot use object of type mysqli as array
#0 D:\Marco\Desktop\Crud\system\View\View.php(210): include()
#1 D:\Marco\Desktop\Crud\system\View\View.php(213): CodeIgniter\View\View->CodeIgniter\View\{closure}()
#2 D:\Marco\Desktop\Crud\system\Common.php(1089): CodeIgniter\View\View->render('search', Array, true)
#3 D:\Marco\Desktop\Crud\app\Controllers\FilmController.php(75): view('search', Array)
#4 D:\Marco\Desktop\Crud\system\CodeIgniter.php(825): App\Controllers\FilmController->search()
#5 D:\Marco\Desktop\Crud\system\CodeIgniter.php(412): CodeIgniter\CodeIgniter->runController(Object(App\Controllers\FilmController))
#6 D:\Marco\Desktop\Crud\system\CodeIgniter.php(320): CodeIgniter\CodeIgniter->handleRequest(NULL, Object(Config\Cache), false)
#7 D:\Marco\Desktop\Crud\public\index.php(37): CodeIgniter\CodeIgniter->run()
#8 D:\Marco\Desktop\Crud\system\Commands\Server\rewrite.php(43): require_once('D:\\Marco\\Deskto...')
#9 {main}
CRITICAL - 2022-01-10 08:39:07 --> Cannot use object of type mysqli as array
#0 D:\Marco\Desktop\Crud\system\View\View.php(210): include()
#1 D:\Marco\Desktop\Crud\system\View\View.php(213): CodeIgniter\View\View->CodeIgniter\View\{closure}()
#2 D:\Marco\Desktop\Crud\system\Common.php(1089): CodeIgniter\View\View->render('search', Array, true)
#3 D:\Marco\Desktop\Crud\app\Controllers\FilmController.php(75): view('search', Array)
#4 D:\Marco\Desktop\Crud\system\CodeIgniter.php(825): App\Controllers\FilmController->search()
#5 D:\Marco\Desktop\Crud\system\CodeIgniter.php(412): CodeIgniter\CodeIgniter->runController(Object(App\Controllers\FilmController))
#6 D:\Marco\Desktop\Crud\system\CodeIgniter.php(320): CodeIgniter\CodeIgniter->handleRequest(NULL, Object(Config\Cache), false)
#7 D:\Marco\Desktop\Crud\public\index.php(37): CodeIgniter\CodeIgniter->run()
#8 D:\Marco\Desktop\Crud\system\Commands\Server\rewrite.php(43): require_once('D:\\Marco\\Deskto...')
#9 {main}
